<?xml version="1.0" encoding="UTF-8"?>
<!-- Generated by org.testng.reporters.JUnitReportReporter -->
<testsuite hostname="LAPTOP-N67953PD" failures="0" tests="1" name="testingBabaPages.HomePage" time="3.240" errors="0" timestamp="2025-07-29T16:59:55 IST" skipped="0">
  <testcase classname="testingBabaPages.HomePage" name="launchBrowser" time="3.240"/>
</testsuite> <!-- testingBabaPages.HomePage -->
